#
# There is insufficient memory for the Java Runtime Environment to continue.
# Native memory allocation (mmap) failed to map 264241152 bytes. Error detail: G1 virtual space
# Possible reasons:
#   The system is out of physical RAM or swap space
#   This process is running with CompressedOops enabled, and the Java Heap may be blocking the growth of the native heap
# Possible solutions:
#   Reduce memory load on the system
#   Increase physical memory or swap space
#   Check if swap backing store is full
#   Decrease Java heap size (-Xmx/-Xms)
#   Decrease number of Java threads
#   Decrease Java thread stack sizes (-Xss)
#   Set larger code cache with -XX:ReservedCodeCacheSize=
#   JVM is running with Zero Based Compressed Oops mode in which the Java heap is
#     placed in the first 32GB address space. The Java Heap base address is the
#     maximum limit for the native heap growth. Please use -XX:HeapBaseMinAddress
#     to set the Java Heap base and to place the Java Heap above 32GB virtual address.
# This output file may be truncated or incomplete.
#
#  Out of Memory Error (os_windows.cpp:3631), pid=32316, tid=30504
#
# JRE version:  (22.0.2+9) (build )
# Java VM: Java HotSpot(TM) 64-Bit Server VM (22.0.2+9-70, mixed mode, sharing, tiered, compressed oops, compressed class ptrs, g1 gc, windows-amd64)
# No core dump will be written. Minidumps are not enabled by default on client versions of Windows
#

---------------  S U M M A R Y ------------

Command Line: -Dfile.encoding=UTF-8 --module-path=C:\Users\Aryan Quraishi\OneDrive\Pictures\Documents\NetBeansProjects\Employee Management System\build\classes employee.management.system.ViewEmployees

Host: 12th Gen Intel(R) Core(TM) i5-12500H, 16 cores, 15G,  Windows 11 , 64 bit Build 22621 (10.0.22621.3958)
Time: Fri Nov 22 00:26:50 2024 India Standard Time elapsed time: 0.006190 seconds (0d 0h 0m 0s)

---------------  T H R E A D  ---------------

Current thread (0x000001c12024f900):  JavaThread "Unknown thread" [_thread_in_vm, id=30504, stack(0x00000047eaf00000,0x00000047eb000000) (1024K)]

Stack: [0x00000047eaf00000,0x00000047eb000000]
Native frames: (J=compiled Java code, j=interpreted, Vv=VM code, C=native code)
V  [jvm.dll+0x6e26e9]  (no source info available)
V  [jvm.dll+0x875753]  (no source info available)
V  [jvm.dll+0x877b7e]  (no source info available)
V  [jvm.dll+0x878253]  (no source info available)
V  [jvm.dll+0x27fc86]  (no source info available)
V  [jvm.dll+0x6ded85]  (no source info available)
V  [jvm.dll+0x6d388a]  (no source info available)
V  [jvm.dll+0x358b8a]  (no source info available)
V  [jvm.dll+0x3610b6]  (no source info available)
V  [jvm.dll+0x3b419e]  (no source info available)
V  [jvm.dll+0x3b4448]  (no source info available)
V  [jvm.dll+0x32c5ec]  (no source info available)
V  [jvm.dll+0x32d258]  (no source info available)
V  [jvm.dll+0x83d5ac]  (no source info available)
V  [jvm.dll+0x3c10d1]  (no source info available)
V  [jvm.dll+0x8264cc]  (no source info available)
V  [jvm.dll+0x45bd5e]  (no source info available)
V  [jvm.dll+0x45dbe1]  (no source info available)
C  [jli.dll+0x52a3]  (no source info available)
C  [ucrtbase.dll+0x29333]  (no source info available)
C  [KERNEL32.DLL+0x1257d]  (no source info available)
C  [ntdll.dll+0x5af08]  (no source info available)


---------------  P R O C E S S  ---------------

Threads class SMR info:
_java_thread_list=0x00007ffa8c2ec1c8, length=0, elements={
}

Java Threads: ( => current thread )
Total: 0

Other Threads:
  0x000001c120552ff0 WorkerThread "GC Thread#0"                     [id=32696, stack(0x00000047eb000000,0x00000047eb100000) (1024K)]
  0x000001c120563be0 ConcurrentGCThread "G1 Main Marker"            [id=32504, stack(0x00000047eb100000,0x00000047eb200000) (1024K)]
  0x000001c1205646f0 WorkerThread "G1 Conc#0"                       [id=24984, stack(0x00000047eb200000,0x00000047eb300000) (1024K)]

[error occurred during error reporting (printing all threads), id 0xc0000005, EXCEPTION_ACCESS_VIOLATION (0xc0000005) at pc=0x00007ffa8ba3f517]
VM state: not at safepoint (not fully initialized)

VM Mutex/Monitor currently owned by a thread:  ([mutex/lock_event])
[0x00007ffa8c36cc80] Heap_lock - owner thread: 0x000001c12024f900

Heap address: 0x0000000704000000, size: 4032 MB, Compressed Oops mode: Zero based, Oop shift amount: 3

CDS archive(s) mapped at: [0x0000000000000000-0x0000000000000000-0x0000000000000000), size 0, SharedBaseAddress: 0x0000000800000000, ArchiveRelocationMode: 1.
Narrow klass base: 0x0000000000000000, Narrow klass shift: 0, Narrow klass range: 0x0

GC Precious Log:
 CardTable entry size: 512
 Card Set container configuration: InlinePtr #cards 4 size 8 Array Of Cards #cards 16 size 48 Howl #buckets 8 coarsen threshold 3686 Howl Bitmap #cards 512 size 80 coarsen threshold 460 Card regions per heap region 1 cards per card region 4096

Heap:
 garbage-first heap   total reserved 4128768K, committed 0K, used 0K [0x0000000704000000, 0x0000000800000000)
  region size 2048K, 0 young (0K), 0 survivors (0K)

[error occurred during error reporting (printing heap information), id 0xc0000005, EXCEPTION_ACCESS_VIOLATION (0xc0000005) at pc=0x00007ffa8be3e869]
GC Heap History (0 events):
No events

Dll operation events (1 events):
Event: 0.004 Loaded shared library C:\Program Files\Java\jdk-22\bin\java.dll

Deoptimization events (0 events):
No events

Classes loaded (0 events):
No events

Classes unloaded (0 events):
No events

Classes redefined (0 events):
No events

Internal exceptions (0 events):
No events

ZGC Phase Switch (0 events):
No events

VM Operations (0 events):
No events

Memory protections (0 events):
No events

Nmethod flushes (0 events):
No events

Events (0 events):
No events


Dynamic libraries:
0x00007ff7b3220000 - 0x00007ff7b3230000 	C:\Program Files\Java\jdk-22\bin\java.exe
0x00007ffb25810000 - 0x00007ffb25a27000 	C:\WINDOWS\SYSTEM32\ntdll.dll
0x00007ffb23ec0000 - 0x00007ffb23f84000 	C:\WINDOWS\System32\KERNEL32.DLL
0x00007ffb22fb0000 - 0x00007ffb23367000 	C:\WINDOWS\System32\KERNELBASE.dll
0x00007ffb23420000 - 0x00007ffb23531000 	C:\WINDOWS\System32\ucrtbase.dll
0x00007ffb0b050000 - 0x00007ffb0b06b000 	C:\Program Files\Java\jdk-22\bin\VCRUNTIME140.dll
0x00007ffae79a0000 - 0x00007ffae79b7000 	C:\Program Files\Java\jdk-22\bin\jli.dll
0x00007ffb24890000 - 0x00007ffb24a3f000 	C:\WINDOWS\System32\USER32.dll
0x00007ffb22b20000 - 0x00007ffb22b46000 	C:\WINDOWS\System32\win32u.dll
0x00007ffb25350000 - 0x00007ffb25379000 	C:\WINDOWS\System32\GDI32.dll
0x00007ffb02990000 - 0x00007ffb02c23000 	C:\WINDOWS\WinSxS\amd64_microsoft.windows.common-controls_6595b64144ccf1df_6.0.22621.3672_none_2713b9d173822955\COMCTL32.dll
0x00007ffb22d60000 - 0x00007ffb22e78000 	C:\WINDOWS\System32\gdi32full.dll
0x00007ffb22cc0000 - 0x00007ffb22d5a000 	C:\WINDOWS\System32\msvcp_win.dll
0x00007ffb25380000 - 0x00007ffb25427000 	C:\WINDOWS\System32\msvcrt.dll
0x00007ffb24850000 - 0x00007ffb24881000 	C:\WINDOWS\System32\IMM32.DLL
0x00007ffb1ac00000 - 0x00007ffb1ac0c000 	C:\Program Files\Java\jdk-22\bin\vcruntime140_1.dll
0x00007ffac1c80000 - 0x00007ffac1d0e000 	C:\Program Files\Java\jdk-22\bin\msvcp140.dll
0x00007ffa8b700000 - 0x00007ffa8c449000 	C:\Program Files\Java\jdk-22\bin\server\jvm.dll
0x00007ffb24720000 - 0x00007ffb247d2000 	C:\WINDOWS\System32\ADVAPI32.dll
0x00007ffb24110000 - 0x00007ffb241b8000 	C:\WINDOWS\System32\sechost.dll
0x00007ffb23370000 - 0x00007ffb23398000 	C:\WINDOWS\System32\bcrypt.dll
0x00007ffb23f90000 - 0x00007ffb240a4000 	C:\WINDOWS\System32\RPCRT4.dll
0x00007ffb24ac0000 - 0x00007ffb24b31000 	C:\WINDOWS\System32\WS2_32.dll
0x00007ffb0ac90000 - 0x00007ffb0ac9a000 	C:\WINDOWS\SYSTEM32\VERSION.dll
0x00007ffb1a680000 - 0x00007ffb1a6b4000 	C:\WINDOWS\SYSTEM32\WINMM.dll
0x00007ffb22840000 - 0x00007ffb2288d000 	C:\WINDOWS\SYSTEM32\POWRPROF.dll
0x00007ffb22820000 - 0x00007ffb22833000 	C:\WINDOWS\SYSTEM32\UMPDC.dll
0x00007ffb21b70000 - 0x00007ffb21b88000 	C:\WINDOWS\SYSTEM32\kernel.appcore.dll
0x00007ffb0d8e0000 - 0x00007ffb0d8ea000 	C:\Program Files\Java\jdk-22\bin\jimage.dll
0x00007ffb203a0000 - 0x00007ffb205d2000 	C:\WINDOWS\SYSTEM32\DBGHELP.DLL
0x00007ffb24c40000 - 0x00007ffb24fce000 	C:\WINDOWS\System32\combase.dll
0x00007ffb25180000 - 0x00007ffb25257000 	C:\WINDOWS\System32\OLEAUT32.dll
0x00007ffb048f0000 - 0x00007ffb04922000 	C:\WINDOWS\SYSTEM32\dbgcore.DLL
0x00007ffb233a0000 - 0x00007ffb2341b000 	C:\WINDOWS\System32\bcryptPrimitives.dll
0x00007ffb04230000 - 0x00007ffb0424e000 	C:\Program Files\Java\jdk-22\bin\java.dll
0x00007ffb23650000 - 0x00007ffb23eb9000 	C:\WINDOWS\System32\SHELL32.dll
0x00007ffb24fd0000 - 0x00007ffb25175000 	C:\WINDOWS\System32\ole32.dll

dbghelp: loaded successfully - version: 4.0.5 - missing functions: none
symbol engine: initialized successfully - sym options: 0x614 - pdb path: .;C:\Program Files\Java\jdk-22\bin;C:\WINDOWS\SYSTEM32;C:\WINDOWS\WinSxS\amd64_microsoft.windows.common-controls_6595b64144ccf1df_6.0.22621.3672_none_2713b9d173822955;C:\Program Files\Java\jdk-22\bin\server

VM Arguments:
jvm_args: -Dfile.encoding=UTF-8 --module-path=C:\Users\Aryan Quraishi\OneDrive\Pictures\Documents\NetBeansProjects\Employee Management System\build\classes 
java_command: employee.management.system.ViewEmployees
java_class_path (initial): C:\Users\Aryan Quraishi\OneDrive\Desktop\.exe file\mysql-connector-j-9.1.0\mysql-connector-j-9.1.0\mysql-connector-j-9.1.0.jar;C:\Users\Aryan Quraishi\Downloads\jcalendar-tz-1.3.3-4.jar;C:\Users\Aryan Quraishi\Downloads\rs2xml.jar;C:\Users\Aryan Quraishi\OneDrive\Pictures\Documents\NetBeansProjects\Employee Management System\build\classes
Launcher Type: SUN_STANDARD

[Global flags]
     intx CICompilerCount                          = 12                                        {product} {ergonomic}
     uint ConcGCThreads                            = 3                                         {product} {ergonomic}
     uint G1ConcRefinementThreads                  = 13                                        {product} {ergonomic}
   size_t G1HeapRegionSize                         = 2097152                                   {product} {ergonomic}
   size_t InitialHeapSize                          = 264241152                                 {product} {ergonomic}
   size_t MarkStackSize                            = 4194304                                   {product} {ergonomic}
   size_t MaxHeapSize                              = 4227858432                                {product} {ergonomic}
   size_t MinHeapDeltaBytes                        = 2097152                                   {product} {ergonomic}
   size_t MinHeapSize                              = 8388608                                   {product} {ergonomic}
    uintx NonNMethodCodeHeapSize                   = 7602480                                {pd product} {ergonomic}
    uintx NonProfiledCodeHeapSize                  = 122027880                              {pd product} {ergonomic}
    uintx ProfiledCodeHeapSize                     = 122027880                              {pd product} {ergonomic}
    uintx ReservedCodeCacheSize                    = 251658240                              {pd product} {ergonomic}
     bool SegmentedCodeCache                       = true                                      {product} {ergonomic}
   size_t SoftMaxHeapSize                          = 4227858432                             {manageable} {ergonomic}
     bool UseCompressedOops                        = true                           {product lp64_product} {ergonomic}
     bool UseG1GC                                  = true                                      {product} {ergonomic}
     bool UseLargePagesIndividualAllocation        = false                                  {pd product} {ergonomic}

Logging:
Log output configuration:
 #0: stdout all=warning uptime,level,tags foldmultilines=false
 #1: stderr all=off uptime,level,tags foldmultilines=false

Environment Variables:
CLASSPATH=C:\Users\Aryan Quraishi\OneDrive\Desktop\.exe file\mysql-connector-j-9.1.0\mysql-connector-j-9.1.0
PATH=C:\Program Files\Common Files\Oracle\Java\javapath;C:\Program Files (x86)\Common Files\Intel\Shared Libraries\redist\intel64\compiler;C:\WINDOWS\system32;C:\WINDOWS;C:\WINDOWS\System32\Wbem;C:\WINDOWS\System32\WindowsPowerShell\v1.0\;C:\WINDOWS\System32\OpenSSH\;C:\Program Files\dotnet\;C:\Program Files\Apache Software Foundation\Tomcat 10.1\lib\servlet-api.jar;C:\Program Files\Apache Software Foundation\Tomcat 10.1\lib\jsp-api.jar;C:\Users\Aryan Quraishi\AppData\Local\Microsoft\WindowsApps;C:\Program Files\JetBrains\IntelliJ IDEA Community Edition 2024.2.1\bin;
USERNAME=Aryan Quraishi
OS=Windows_NT
PROCESSOR_IDENTIFIER=Intel64 Family 6 Model 154 Stepping 3, GenuineIntel
TMP=C:\Users\ARYANQ~1\AppData\Local\Temp
TEMP=C:\Users\ARYANQ~1\AppData\Local\Temp




Periodic native trim disabled

---------------  S Y S T E M  ---------------

OS:
 Windows 11 , 64 bit Build 22621 (10.0.22621.3958)
OS uptime: 5 days 12:55 hours

CPU: total 16 (initial active 16) (8 cores per cpu, 2 threads per core) family 6 model 154 stepping 3 microcode 0x41b, cx8, cmov, fxsr, ht, mmx, 3dnowpref, sse, sse2, sse3, ssse3, sse4.1, sse4.2, popcnt, lzcnt, tsc, tscinvbit, avx, avx2, aes, erms, clmul, bmi1, bmi2, adx, sha, fma, vzeroupper, clflush, clflushopt, clwb, serialize, rdtscp, rdpid, fsrm, f16c, pku, cet_ibt, cet_ss
Processor Information for processor 0
  Max Mhz: 2500, Current Mhz: 2500, Mhz Limit: 2500
Processor Information for processor 1
  Max Mhz: 2500, Current Mhz: 2500, Mhz Limit: 2500
Processor Information for processor 2
  Max Mhz: 2500, Current Mhz: 2500, Mhz Limit: 2500
Processor Information for processor 3
  Max Mhz: 2500, Current Mhz: 2500, Mhz Limit: 2500
Processor Information for processor 4
  Max Mhz: 2500, Current Mhz: 2500, Mhz Limit: 2500
Processor Information for processor 5
  Max Mhz: 2500, Current Mhz: 2500, Mhz Limit: 2500
Processor Information for processor 6
  Max Mhz: 2500, Current Mhz: 2500, Mhz Limit: 2500
Processor Information for processor 7
  Max Mhz: 2500, Current Mhz: 2500, Mhz Limit: 2500
Processor Information for processor 8
  Max Mhz: 2500, Current Mhz: 1800, Mhz Limit: 1800
Processor Information for processor 9
  Max Mhz: 2500, Current Mhz: 1800, Mhz Limit: 1800
Processor Information for processor 10
  Max Mhz: 2500, Current Mhz: 1800, Mhz Limit: 1800
Processor Information for processor 11
  Max Mhz: 2500, Current Mhz: 1800, Mhz Limit: 1800
Processor Information for processor 12
  Max Mhz: 2500, Current Mhz: 1800, Mhz Limit: 1800
Processor Information for processor 13
  Max Mhz: 2500, Current Mhz: 1800, Mhz Limit: 1800
Processor Information for processor 14
  Max Mhz: 2500, Current Mhz: 1800, Mhz Limit: 1800
Processor Information for processor 15
  Max Mhz: 2500, Current Mhz: 1800, Mhz Limit: 1800

Memory: 4k page, system-wide physical 16125M (4037M free)
TotalPageFile size 57818M (AvailPageFile size 124M)
current process WorkingSet (physical memory assigned to process): 12M, peak: 12M
current process commit charge ("private bytes"): 71M, peak: 323M

vm_info: Java HotSpot(TM) 64-Bit Server VM (22.0.2+9-70) for windows-amd64 JRE (22.0.2+9-70), built on 2024-06-04T16:52:23Z by "mach5one" with MS VC++ 17.6 (VS2022)

END.
